<?xml version="1.0" encoding="utf-8"?>
<TestRun id="6a257a77-6ff6-433d-89f9-ebb85bdef719" name="sferrari@PC-SFERRARI 2021-06-21 12:43:35" runUser="PC-SFERRARI\sferrari" xmlns="http://microsoft.com/schemas/VisualStudio/TeamTest/2010">
  <Times creation="2021-06-21T12:43:35.7758727+02:00" queuing="2021-06-21T12:43:35.7758727+02:00" start="2021-06-21T12:43:34.4288841+02:00" finish="2021-06-21T12:43:35.8616432+02:00" />
  <TestSettings name="default" id="2598c1e2-f46e-4347-b11b-cc3b8b4fe4d9">
    <Deployment runDeploymentRoot="sferrari_PC-SFERRARI_2021-06-21_12_43_35" />
  </TestSettings>
  <Results>
    <UnitTestResult executionId="cdef395e-e943-44d1-b9b5-f2380fcaa985" testId="8a89db12-9846-4c98-b2e6-127b2035f4ad" testName="InfoWithMessageWithProperties" computerName="PC-SFERRARI" duration="00:00:00.0055968" startTime="2021-06-21T12:43:35.7849122+02:00" endTime="2021-06-21T12:43:35.7906426+02:00" testType="13cdc9d9-ddb5-4fa4-a97d-d965ccfc6d4b" outcome="Passed" testListId="8c84fa94-04c1-424b-9868-57a2d4851a1d" relativeResultsDirectory="cdef395e-e943-44d1-b9b5-f2380fcaa985" />
    <UnitTestResult executionId="d7e7b8f4-b52a-413f-a922-d65ee43268dc" testId="78c21168-e8ad-4152-8524-4b212e28089e" testName="InfoWithMessageWithData" computerName="PC-SFERRARI" duration="00:00:00.0059945" startTime="2021-06-21T12:43:35.6082969+02:00" endTime="2021-06-21T12:43:35.6144395+02:00" testType="13cdc9d9-ddb5-4fa4-a97d-d965ccfc6d4b" outcome="Passed" testListId="8c84fa94-04c1-424b-9868-57a2d4851a1d" relativeResultsDirectory="d7e7b8f4-b52a-413f-a922-d65ee43268dc">
      <Output>
        <StdOut>[Information] - InfoWithMessageWithData =&gt; "{ Id = 1, Name = Name }"</StdOut>
      </Output>
    </UnitTestResult>
    <UnitTestResult executionId="c1d2d363-64f1-46f4-9451-72c6f6812b1b" testId="a6615284-3bcc-447c-ab3a-4c23902ba429" testName="ErrorWithMessageWithData" computerName="PC-SFERRARI" duration="00:00:00.0059609" startTime="2021-06-21T12:43:35.7666490+02:00" endTime="2021-06-21T12:43:35.7727616+02:00" testType="13cdc9d9-ddb5-4fa4-a97d-d965ccfc6d4b" outcome="Passed" testListId="8c84fa94-04c1-424b-9868-57a2d4851a1d" relativeResultsDirectory="c1d2d363-64f1-46f4-9451-72c6f6812b1b" />
    <UnitTestResult executionId="8b818a39-d6db-45e5-87bc-54d8e537351e" testId="05acabd5-772d-4fd5-8de4-21e772082a8e" testName="ErrorWithException" computerName="PC-SFERRARI" duration="00:00:00.1461077" startTime="2021-06-21T12:43:35.2916028+02:00" endTime="2021-06-21T12:43:35.4986596+02:00" testType="13cdc9d9-ddb5-4fa4-a97d-d965ccfc6d4b" outcome="Passed" testListId="8c84fa94-04c1-424b-9868-57a2d4851a1d" relativeResultsDirectory="8b818a39-d6db-45e5-87bc-54d8e537351e">
      <Output>
        <StdOut>[Error] - Exception =&gt; "System.ArgumentNullException: Value cannot be null. (Parameter 'ErrorWithException')"</StdOut>
      </Output>
    </UnitTestResult>
    <UnitTestResult executionId="206a9164-ba41-42dc-9b1a-17f148d4da3d" testId="91b45cdb-3c9f-40ef-bfbc-1fc0e7ad0c06" testName="InfoWithMessageWithProperties" computerName="PC-SFERRARI" duration="00:00:00.0063841" startTime="2021-06-21T12:43:35.6145155+02:00" endTime="2021-06-21T12:43:35.6210342+02:00" testType="13cdc9d9-ddb5-4fa4-a97d-d965ccfc6d4b" outcome="Passed" testListId="8c84fa94-04c1-424b-9868-57a2d4851a1d" relativeResultsDirectory="206a9164-ba41-42dc-9b1a-17f148d4da3d">
      <Output>
        <StdOut>[Information] - "InfoWithMessageWithProperties" =&gt; Id: 1 Name: "Name"</StdOut>
      </Output>
    </UnitTestResult>
    <UnitTestResult executionId="c270eda6-75f5-491d-9918-0c8a700c936c" testId="b89bc22b-a615-49cc-8c6f-29f86d98a5ae" testName="ErrorWithException" computerName="PC-SFERRARI" duration="00:00:00.0594097" startTime="2021-06-21T12:43:35.6327560+02:00" endTime="2021-06-21T12:43:35.6924434+02:00" testType="13cdc9d9-ddb5-4fa4-a97d-d965ccfc6d4b" outcome="Passed" testListId="8c84fa94-04c1-424b-9868-57a2d4851a1d" relativeResultsDirectory="c270eda6-75f5-491d-9918-0c8a700c936c" />
    <UnitTestResult executionId="3108eaa7-6d99-491e-8abd-e0cc3d55fca5" testId="5ba34ed0-3d94-405e-b910-2b0caaa9a09c" testName="ErrorWithMessageWithProperties" computerName="PC-SFERRARI" duration="00:00:00.0144542" startTime="2021-06-21T12:43:35.5892659+02:00" endTime="2021-06-21T12:43:35.6038694+02:00" testType="13cdc9d9-ddb5-4fa4-a97d-d965ccfc6d4b" outcome="Passed" testListId="8c84fa94-04c1-424b-9868-57a2d4851a1d" relativeResultsDirectory="3108eaa7-6d99-491e-8abd-e0cc3d55fca5">
      <Output>
        <StdOut>[Error] - "ErrorWithMessageWithProperties" =&gt; Id: 1 Name: "Name"</StdOut>
      </Output>
    </UnitTestResult>
    <UnitTestResult executionId="a088dcb0-5991-43cb-9a03-07112d204a0b" testId="263469b6-c64b-4afa-b3f8-503ec1cb5f1f" testName="ErrorWithMessage" computerName="PC-SFERRARI" duration="00:00:00.0048634" startTime="2021-06-21T12:43:35.5120852+02:00" endTime="2021-06-21T12:43:35.5171755+02:00" testType="13cdc9d9-ddb5-4fa4-a97d-d965ccfc6d4b" outcome="Passed" testListId="8c84fa94-04c1-424b-9868-57a2d4851a1d" relativeResultsDirectory="a088dcb0-5991-43cb-9a03-07112d204a0b">
      <Output>
        <StdOut>[Error] - ErrorWithMessage</StdOut>
      </Output>
    </UnitTestResult>
    <UnitTestResult executionId="e0c4fd90-9438-41ee-b5aa-78300ea51037" testId="1bfe7455-dd7f-48a9-894a-71df4acef0d3" testName="InfoWithMessage" computerName="PC-SFERRARI" duration="00:00:00.0041119" startTime="2021-06-21T12:43:35.6039557+02:00" endTime="2021-06-21T12:43:35.6082063+02:00" testType="13cdc9d9-ddb5-4fa4-a97d-d965ccfc6d4b" outcome="Passed" testListId="8c84fa94-04c1-424b-9868-57a2d4851a1d" relativeResultsDirectory="e0c4fd90-9438-41ee-b5aa-78300ea51037">
      <Output>
        <StdOut>[Information] - InfoWithMessage</StdOut>
      </Output>
    </UnitTestResult>
    <UnitTestResult executionId="13930967-b82e-4c33-9354-b3caa82b2d6b" testId="e9821cf9-0159-4387-9258-ccdf38cca0f8" testName="InfoWithMessage" computerName="PC-SFERRARI" duration="00:00:00.0041995" startTime="2021-06-21T12:43:35.7728408+02:00" endTime="2021-06-21T12:43:35.7771806+02:00" testType="13cdc9d9-ddb5-4fa4-a97d-d965ccfc6d4b" outcome="Passed" testListId="8c84fa94-04c1-424b-9868-57a2d4851a1d" relativeResultsDirectory="13930967-b82e-4c33-9354-b3caa82b2d6b" />
    <UnitTestResult executionId="2bbf6c8c-f6df-4615-ac5e-e4f2670d9163" testId="f5b14fc5-3c7d-4447-92c5-cf4468b18ceb" testName="ErrorWithMessage" computerName="PC-SFERRARI" duration="00:00:00.0045859" startTime="2021-06-21T12:43:35.7618191+02:00" endTime="2021-06-21T12:43:35.7665703+02:00" testType="13cdc9d9-ddb5-4fa4-a97d-d965ccfc6d4b" outcome="Passed" testListId="8c84fa94-04c1-424b-9868-57a2d4851a1d" relativeResultsDirectory="2bbf6c8c-f6df-4615-ac5e-e4f2670d9163" />
    <UnitTestResult executionId="245e094e-8eb9-43f8-a9f0-3493e70f84f6" testId="d774c914-28c5-4a9c-9e4a-9915f5e0b16b" testName="InfoWithMultipleDataInline" computerName="PC-SFERRARI" duration="00:00:00.0113944" startTime="2021-06-21T12:43:35.6211203+02:00" endTime="2021-06-21T12:43:35.6326679+02:00" testType="13cdc9d9-ddb5-4fa4-a97d-d965ccfc6d4b" outcome="Passed" testListId="8c84fa94-04c1-424b-9868-57a2d4851a1d" relativeResultsDirectory="245e094e-8eb9-43f8-a9f0-3493e70f84f6">
      <Output>
        <StdOut>[Information] - InfoWithMultipleDataInline 1 =&gt; "{ Id = 1, Name = Name1 }"&#xD;
&#xD;
[Information] - InfoWithMultipleDataInline 2 =&gt; "{ Id = 2, Name = Name2 }"&#xD;
&#xD;
[Information] - InfoWithMultipleDataInline 3 =&gt; "{ Id = 3, Name = Name3 }"</StdOut>
      </Output>
    </UnitTestResult>
    <UnitTestResult executionId="87f3a59f-6966-4691-8403-4b4575def749" testId="d0bacacf-43cd-46ed-8a05-59a23358240c" testName="InfoWithMultipleDataInline" computerName="PC-SFERRARI" duration="00:00:00.0105688" startTime="2021-06-21T12:43:35.7907153+02:00" endTime="2021-06-21T12:43:35.8013899+02:00" testType="13cdc9d9-ddb5-4fa4-a97d-d965ccfc6d4b" outcome="Passed" testListId="8c84fa94-04c1-424b-9868-57a2d4851a1d" relativeResultsDirectory="87f3a59f-6966-4691-8403-4b4575def749" />
    <UnitTestResult executionId="36a375ac-19a4-4934-abb2-d79a3d7594af" testId="ac07a288-c420-4b02-a8e0-5516d88564aa" testName="InfoWithMessageWithData" computerName="PC-SFERRARI" duration="00:00:00.0073281" startTime="2021-06-21T12:43:35.7772763+02:00" endTime="2021-06-21T12:43:35.7847975+02:00" testType="13cdc9d9-ddb5-4fa4-a97d-d965ccfc6d4b" outcome="Passed" testListId="8c84fa94-04c1-424b-9868-57a2d4851a1d" relativeResultsDirectory="36a375ac-19a4-4934-abb2-d79a3d7594af" />
    <UnitTestResult executionId="aa632564-21b1-4016-8d8c-4acccd88c43c" testId="0379c27e-2ddc-4de1-805d-b43b96ab0850" testName="ErrorWithMessageWithData" computerName="PC-SFERRARI" duration="00:00:00.0717365" startTime="2021-06-21T12:43:35.5173129+02:00" endTime="2021-06-21T12:43:35.5891826+02:00" testType="13cdc9d9-ddb5-4fa4-a97d-d965ccfc6d4b" outcome="Passed" testListId="8c84fa94-04c1-424b-9868-57a2d4851a1d" relativeResultsDirectory="aa632564-21b1-4016-8d8c-4acccd88c43c">
      <Output>
        <StdOut>[Error] - ErrorWithMessageWithData =&gt; "{ Id = 1, Name = Name }"</StdOut>
      </Output>
    </UnitTestResult>
  </Results>
  <TestDefinitions>
    <UnitTest name="InfoWithMessageWithData" storage="d:\sferrari\01 - trabajo\repos\netcore\libs\template-netcore-logger\kitpymes.core.logger.serilog.tests\bin\debug\net5.0\kitpymes.core.logger.serilog.tests.dll" id="78c21168-e8ad-4152-8524-4b212e28089e">
      <Execution id="d7e7b8f4-b52a-413f-a922-d65ee43268dc" />
      <TestMethod codeBase="D:\SFERRARI\01 - TRABAJO\repos\netcore\libs\template-netcore-logger\Kitpymes.Core.Logger.Serilog.Tests\bin\Debug\net5.0\Kitpymes.Core.Logger.Serilog.Tests.dll" adapterTypeName="executor://mstestadapter/v2" className="Kitpymes.Core.Logger.Serilog.Tests.LoggerStaticTest" name="InfoWithMessageWithData" />
    </UnitTest>
    <UnitTest name="InfoWithMessageWithData" storage="d:\sferrari\01 - trabajo\repos\netcore\libs\template-netcore-logger\kitpymes.core.logger.serilog.tests\bin\debug\net5.0\kitpymes.core.logger.serilog.tests.dll" id="ac07a288-c420-4b02-a8e0-5516d88564aa">
      <Execution id="36a375ac-19a4-4934-abb2-d79a3d7594af" />
      <TestMethod codeBase="D:\SFERRARI\01 - TRABAJO\repos\netcore\libs\template-netcore-logger\Kitpymes.Core.Logger.Serilog.Tests\bin\Debug\net5.0\Kitpymes.Core.Logger.Serilog.Tests.dll" adapterTypeName="executor://mstestadapter/v2" className="Kitpymes.Core.Logger.Serilog.Tests.LoggerTest" name="InfoWithMessageWithData" />
    </UnitTest>
    <UnitTest name="InfoWithMultipleDataInline" storage="d:\sferrari\01 - trabajo\repos\netcore\libs\template-netcore-logger\kitpymes.core.logger.serilog.tests\bin\debug\net5.0\kitpymes.core.logger.serilog.tests.dll" id="d774c914-28c5-4a9c-9e4a-9915f5e0b16b">
      <Execution id="245e094e-8eb9-43f8-a9f0-3493e70f84f6" />
      <TestMethod codeBase="D:\SFERRARI\01 - TRABAJO\repos\netcore\libs\template-netcore-logger\Kitpymes.Core.Logger.Serilog.Tests\bin\Debug\net5.0\Kitpymes.Core.Logger.Serilog.Tests.dll" adapterTypeName="executor://mstestadapter/v2" className="Kitpymes.Core.Logger.Serilog.Tests.LoggerStaticTest" name="InfoWithMultipleDataInline" />
    </UnitTest>
    <UnitTest name="ErrorWithMessageWithData" storage="d:\sferrari\01 - trabajo\repos\netcore\libs\template-netcore-logger\kitpymes.core.logger.serilog.tests\bin\debug\net5.0\kitpymes.core.logger.serilog.tests.dll" id="a6615284-3bcc-447c-ab3a-4c23902ba429">
      <Execution id="c1d2d363-64f1-46f4-9451-72c6f6812b1b" />
      <TestMethod codeBase="D:\SFERRARI\01 - TRABAJO\repos\netcore\libs\template-netcore-logger\Kitpymes.Core.Logger.Serilog.Tests\bin\Debug\net5.0\Kitpymes.Core.Logger.Serilog.Tests.dll" adapterTypeName="executor://mstestadapter/v2" className="Kitpymes.Core.Logger.Serilog.Tests.LoggerTest" name="ErrorWithMessageWithData" />
    </UnitTest>
    <UnitTest name="InfoWithMessageWithProperties" storage="d:\sferrari\01 - trabajo\repos\netcore\libs\template-netcore-logger\kitpymes.core.logger.serilog.tests\bin\debug\net5.0\kitpymes.core.logger.serilog.tests.dll" id="91b45cdb-3c9f-40ef-bfbc-1fc0e7ad0c06">
      <Execution id="206a9164-ba41-42dc-9b1a-17f148d4da3d" />
      <TestMethod codeBase="D:\SFERRARI\01 - TRABAJO\repos\netcore\libs\template-netcore-logger\Kitpymes.Core.Logger.Serilog.Tests\bin\Debug\net5.0\Kitpymes.Core.Logger.Serilog.Tests.dll" adapterTypeName="executor://mstestadapter/v2" className="Kitpymes.Core.Logger.Serilog.Tests.LoggerStaticTest" name="InfoWithMessageWithProperties" />
    </UnitTest>
    <UnitTest name="InfoWithMultipleDataInline" storage="d:\sferrari\01 - trabajo\repos\netcore\libs\template-netcore-logger\kitpymes.core.logger.serilog.tests\bin\debug\net5.0\kitpymes.core.logger.serilog.tests.dll" id="d0bacacf-43cd-46ed-8a05-59a23358240c">
      <Execution id="87f3a59f-6966-4691-8403-4b4575def749" />
      <TestMethod codeBase="D:\SFERRARI\01 - TRABAJO\repos\netcore\libs\template-netcore-logger\Kitpymes.Core.Logger.Serilog.Tests\bin\Debug\net5.0\Kitpymes.Core.Logger.Serilog.Tests.dll" adapterTypeName="executor://mstestadapter/v2" className="Kitpymes.Core.Logger.Serilog.Tests.LoggerTest" name="InfoWithMultipleDataInline" />
    </UnitTest>
    <UnitTest name="ErrorWithMessage" storage="d:\sferrari\01 - trabajo\repos\netcore\libs\template-netcore-logger\kitpymes.core.logger.serilog.tests\bin\debug\net5.0\kitpymes.core.logger.serilog.tests.dll" id="f5b14fc5-3c7d-4447-92c5-cf4468b18ceb">
      <Execution id="2bbf6c8c-f6df-4615-ac5e-e4f2670d9163" />
      <TestMethod codeBase="D:\SFERRARI\01 - TRABAJO\repos\netcore\libs\template-netcore-logger\Kitpymes.Core.Logger.Serilog.Tests\bin\Debug\net5.0\Kitpymes.Core.Logger.Serilog.Tests.dll" adapterTypeName="executor://mstestadapter/v2" className="Kitpymes.Core.Logger.Serilog.Tests.LoggerTest" name="ErrorWithMessage" />
    </UnitTest>
    <UnitTest name="ErrorWithMessageWithProperties" storage="d:\sferrari\01 - trabajo\repos\netcore\libs\template-netcore-logger\kitpymes.core.logger.serilog.tests\bin\debug\net5.0\kitpymes.core.logger.serilog.tests.dll" id="5ba34ed0-3d94-405e-b910-2b0caaa9a09c">
      <Execution id="3108eaa7-6d99-491e-8abd-e0cc3d55fca5" />
      <TestMethod codeBase="D:\SFERRARI\01 - TRABAJO\repos\netcore\libs\template-netcore-logger\Kitpymes.Core.Logger.Serilog.Tests\bin\Debug\net5.0\Kitpymes.Core.Logger.Serilog.Tests.dll" adapterTypeName="executor://mstestadapter/v2" className="Kitpymes.Core.Logger.Serilog.Tests.LoggerStaticTest" name="ErrorWithMessageWithProperties" />
    </UnitTest>
    <UnitTest name="InfoWithMessage" storage="d:\sferrari\01 - trabajo\repos\netcore\libs\template-netcore-logger\kitpymes.core.logger.serilog.tests\bin\debug\net5.0\kitpymes.core.logger.serilog.tests.dll" id="e9821cf9-0159-4387-9258-ccdf38cca0f8">
      <Execution id="13930967-b82e-4c33-9354-b3caa82b2d6b" />
      <TestMethod codeBase="D:\SFERRARI\01 - TRABAJO\repos\netcore\libs\template-netcore-logger\Kitpymes.Core.Logger.Serilog.Tests\bin\Debug\net5.0\Kitpymes.Core.Logger.Serilog.Tests.dll" adapterTypeName="executor://mstestadapter/v2" className="Kitpymes.Core.Logger.Serilog.Tests.LoggerTest" name="InfoWithMessage" />
    </UnitTest>
    <UnitTest name="InfoWithMessageWithProperties" storage="d:\sferrari\01 - trabajo\repos\netcore\libs\template-netcore-logger\kitpymes.core.logger.serilog.tests\bin\debug\net5.0\kitpymes.core.logger.serilog.tests.dll" id="8a89db12-9846-4c98-b2e6-127b2035f4ad">
      <Execution id="cdef395e-e943-44d1-b9b5-f2380fcaa985" />
      <TestMethod codeBase="D:\SFERRARI\01 - TRABAJO\repos\netcore\libs\template-netcore-logger\Kitpymes.Core.Logger.Serilog.Tests\bin\Debug\net5.0\Kitpymes.Core.Logger.Serilog.Tests.dll" adapterTypeName="executor://mstestadapter/v2" className="Kitpymes.Core.Logger.Serilog.Tests.LoggerTest" name="InfoWithMessageWithProperties" />
    </UnitTest>
    <UnitTest name="ErrorWithException" storage="d:\sferrari\01 - trabajo\repos\netcore\libs\template-netcore-logger\kitpymes.core.logger.serilog.tests\bin\debug\net5.0\kitpymes.core.logger.serilog.tests.dll" id="05acabd5-772d-4fd5-8de4-21e772082a8e">
      <Execution id="8b818a39-d6db-45e5-87bc-54d8e537351e" />
      <TestMethod codeBase="D:\SFERRARI\01 - TRABAJO\repos\netcore\libs\template-netcore-logger\Kitpymes.Core.Logger.Serilog.Tests\bin\Debug\net5.0\Kitpymes.Core.Logger.Serilog.Tests.dll" adapterTypeName="executor://mstestadapter/v2" className="Kitpymes.Core.Logger.Serilog.Tests.LoggerStaticTest" name="ErrorWithException" />
    </UnitTest>
    <UnitTest name="ErrorWithMessageWithData" storage="d:\sferrari\01 - trabajo\repos\netcore\libs\template-netcore-logger\kitpymes.core.logger.serilog.tests\bin\debug\net5.0\kitpymes.core.logger.serilog.tests.dll" id="0379c27e-2ddc-4de1-805d-b43b96ab0850">
      <Execution id="aa632564-21b1-4016-8d8c-4acccd88c43c" />
      <TestMethod codeBase="D:\SFERRARI\01 - TRABAJO\repos\netcore\libs\template-netcore-logger\Kitpymes.Core.Logger.Serilog.Tests\bin\Debug\net5.0\Kitpymes.Core.Logger.Serilog.Tests.dll" adapterTypeName="executor://mstestadapter/v2" className="Kitpymes.Core.Logger.Serilog.Tests.LoggerStaticTest" name="ErrorWithMessageWithData" />
    </UnitTest>
    <UnitTest name="ErrorWithMessage" storage="d:\sferrari\01 - trabajo\repos\netcore\libs\template-netcore-logger\kitpymes.core.logger.serilog.tests\bin\debug\net5.0\kitpymes.core.logger.serilog.tests.dll" id="263469b6-c64b-4afa-b3f8-503ec1cb5f1f">
      <Execution id="a088dcb0-5991-43cb-9a03-07112d204a0b" />
      <TestMethod codeBase="D:\SFERRARI\01 - TRABAJO\repos\netcore\libs\template-netcore-logger\Kitpymes.Core.Logger.Serilog.Tests\bin\Debug\net5.0\Kitpymes.Core.Logger.Serilog.Tests.dll" adapterTypeName="executor://mstestadapter/v2" className="Kitpymes.Core.Logger.Serilog.Tests.LoggerStaticTest" name="ErrorWithMessage" />
    </UnitTest>
    <UnitTest name="InfoWithMessage" storage="d:\sferrari\01 - trabajo\repos\netcore\libs\template-netcore-logger\kitpymes.core.logger.serilog.tests\bin\debug\net5.0\kitpymes.core.logger.serilog.tests.dll" id="1bfe7455-dd7f-48a9-894a-71df4acef0d3">
      <Execution id="e0c4fd90-9438-41ee-b5aa-78300ea51037" />
      <TestMethod codeBase="D:\SFERRARI\01 - TRABAJO\repos\netcore\libs\template-netcore-logger\Kitpymes.Core.Logger.Serilog.Tests\bin\Debug\net5.0\Kitpymes.Core.Logger.Serilog.Tests.dll" adapterTypeName="executor://mstestadapter/v2" className="Kitpymes.Core.Logger.Serilog.Tests.LoggerStaticTest" name="InfoWithMessage" />
    </UnitTest>
    <UnitTest name="ErrorWithException" storage="d:\sferrari\01 - trabajo\repos\netcore\libs\template-netcore-logger\kitpymes.core.logger.serilog.tests\bin\debug\net5.0\kitpymes.core.logger.serilog.tests.dll" id="b89bc22b-a615-49cc-8c6f-29f86d98a5ae">
      <Execution id="c270eda6-75f5-491d-9918-0c8a700c936c" />
      <TestMethod codeBase="D:\SFERRARI\01 - TRABAJO\repos\netcore\libs\template-netcore-logger\Kitpymes.Core.Logger.Serilog.Tests\bin\Debug\net5.0\Kitpymes.Core.Logger.Serilog.Tests.dll" adapterTypeName="executor://mstestadapter/v2" className="Kitpymes.Core.Logger.Serilog.Tests.LoggerTest" name="ErrorWithException" />
    </UnitTest>
  </TestDefinitions>
  <TestEntries>
    <TestEntry testId="8a89db12-9846-4c98-b2e6-127b2035f4ad" executionId="cdef395e-e943-44d1-b9b5-f2380fcaa985" testListId="8c84fa94-04c1-424b-9868-57a2d4851a1d" />
    <TestEntry testId="78c21168-e8ad-4152-8524-4b212e28089e" executionId="d7e7b8f4-b52a-413f-a922-d65ee43268dc" testListId="8c84fa94-04c1-424b-9868-57a2d4851a1d" />
    <TestEntry testId="a6615284-3bcc-447c-ab3a-4c23902ba429" executionId="c1d2d363-64f1-46f4-9451-72c6f6812b1b" testListId="8c84fa94-04c1-424b-9868-57a2d4851a1d" />
    <TestEntry testId="05acabd5-772d-4fd5-8de4-21e772082a8e" executionId="8b818a39-d6db-45e5-87bc-54d8e537351e" testListId="8c84fa94-04c1-424b-9868-57a2d4851a1d" />
    <TestEntry testId="91b45cdb-3c9f-40ef-bfbc-1fc0e7ad0c06" executionId="206a9164-ba41-42dc-9b1a-17f148d4da3d" testListId="8c84fa94-04c1-424b-9868-57a2d4851a1d" />
    <TestEntry testId="b89bc22b-a615-49cc-8c6f-29f86d98a5ae" executionId="c270eda6-75f5-491d-9918-0c8a700c936c" testListId="8c84fa94-04c1-424b-9868-57a2d4851a1d" />
    <TestEntry testId="5ba34ed0-3d94-405e-b910-2b0caaa9a09c" executionId="3108eaa7-6d99-491e-8abd-e0cc3d55fca5" testListId="8c84fa94-04c1-424b-9868-57a2d4851a1d" />
    <TestEntry testId="263469b6-c64b-4afa-b3f8-503ec1cb5f1f" executionId="a088dcb0-5991-43cb-9a03-07112d204a0b" testListId="8c84fa94-04c1-424b-9868-57a2d4851a1d" />
    <TestEntry testId="1bfe7455-dd7f-48a9-894a-71df4acef0d3" executionId="e0c4fd90-9438-41ee-b5aa-78300ea51037" testListId="8c84fa94-04c1-424b-9868-57a2d4851a1d" />
    <TestEntry testId="e9821cf9-0159-4387-9258-ccdf38cca0f8" executionId="13930967-b82e-4c33-9354-b3caa82b2d6b" testListId="8c84fa94-04c1-424b-9868-57a2d4851a1d" />
    <TestEntry testId="f5b14fc5-3c7d-4447-92c5-cf4468b18ceb" executionId="2bbf6c8c-f6df-4615-ac5e-e4f2670d9163" testListId="8c84fa94-04c1-424b-9868-57a2d4851a1d" />
    <TestEntry testId="d774c914-28c5-4a9c-9e4a-9915f5e0b16b" executionId="245e094e-8eb9-43f8-a9f0-3493e70f84f6" testListId="8c84fa94-04c1-424b-9868-57a2d4851a1d" />
    <TestEntry testId="d0bacacf-43cd-46ed-8a05-59a23358240c" executionId="87f3a59f-6966-4691-8403-4b4575def749" testListId="8c84fa94-04c1-424b-9868-57a2d4851a1d" />
    <TestEntry testId="ac07a288-c420-4b02-a8e0-5516d88564aa" executionId="36a375ac-19a4-4934-abb2-d79a3d7594af" testListId="8c84fa94-04c1-424b-9868-57a2d4851a1d" />
    <TestEntry testId="0379c27e-2ddc-4de1-805d-b43b96ab0850" executionId="aa632564-21b1-4016-8d8c-4acccd88c43c" testListId="8c84fa94-04c1-424b-9868-57a2d4851a1d" />
  </TestEntries>
  <TestLists>
    <TestList name="Resultados sin formato de lista" id="8c84fa94-04c1-424b-9868-57a2d4851a1d" />
    <TestList name="Todos los resultados cargados" id="19431567-8539-422a-85d7-44ee4e166bda" />
  </TestLists>
  <ResultSummary outcome="Completed">
    <Counters total="15" executed="15" passed="15" failed="0" error="0" timeout="0" aborted="0" inconclusive="0" passedButRunAborted="0" notRunnable="0" notExecuted="0" disconnected="0" warning="0" completed="0" inProgress="0" pending="0" />
  </ResultSummary>
</TestRun>